<?xml version="1.0" encoding="UTF-8"?>
<coverage generated="1701320839598" clover="3.2.0">
  <project timestamp="1701320839598" name="All files">
    <metrics statements="202" coveredstatements="180" conditionals="38" coveredconditionals="33" methods="34" coveredmethods="32" elements="274" coveredelements="245" complexity="0" loc="202" ncloc="202" packages="4" files="12" classes="12"/>
    <package name="controllers">
      <metrics statements="131" coveredstatements="109" conditionals="18" coveredconditionals="13" methods="20" coveredmethods="19"/>
      <file name="app.js" path="C:\Users\Crusiom\Desktop\4156\COMSW4156-Project\controllers\app.js">
        <metrics statements="19" coveredstatements="19" conditionals="4" coveredconditionals="4" methods="2" coveredmethods="2"/>
        <line num="1" count="1" type="stmt"/>
        <line num="2" count="1" type="stmt"/>
        <line num="3" count="1" type="stmt"/>
        <line num="8" count="1" type="stmt"/>
        <line num="9" count="2" type="stmt"/>
        <line num="11" count="2" type="stmt"/>
        <line num="14" count="2" type="stmt"/>
        <line num="17" count="1" type="stmt"/>
        <line num="23" count="1" type="stmt"/>
        <line num="57" count="1" type="stmt"/>
        <line num="58" count="5" type="stmt"/>
        <line num="60" count="5" type="stmt"/>
        <line num="63" count="3" type="cond" truecount="2" falsecount="0"/>
        <line num="64" count="1" type="stmt"/>
        <line num="68" count="2" type="cond" truecount="2" falsecount="0"/>
        <line num="69" count="1" type="stmt"/>
        <line num="73" count="1" type="stmt"/>
        <line num="79" count="1" type="stmt"/>
        <line num="85" count="1" type="stmt"/>
      </file>
      <file name="auth.js" path="C:\Users\Crusiom\Desktop\4156\COMSW4156-Project\controllers\auth.js">
        <metrics statements="44" coveredstatements="36" conditionals="14" coveredconditionals="9" methods="6" coveredmethods="6"/>
        <line num="1" count="1" type="stmt"/>
        <line num="2" count="1" type="stmt"/>
        <line num="3" count="1" type="stmt"/>
        <line num="8" count="1" type="stmt"/>
        <line num="9" count="2" type="stmt"/>
        <line num="10" count="2" type="stmt"/>
        <line num="12" count="2" type="stmt"/>
        <line num="13" count="2" type="cond" truecount="2" falsecount="0"/>
        <line num="14" count="1" type="stmt"/>
        <line num="18" count="1" type="stmt"/>
        <line num="25" count="1" type="stmt"/>
        <line num="27" count="0" type="stmt"/>
        <line num="34" count="1" type="stmt"/>
        <line num="35" count="13" type="stmt"/>
        <line num="38" count="13" type="cond" truecount="4" falsecount="0"/>
        <line num="39" count="3" type="stmt"/>
        <line num="43" count="10" type="stmt"/>
        <line num="45" count="0" type="cond" truecount="0" falsecount="2"/>
        <line num="46" count="0" type="stmt"/>
        <line num="50" count="0" type="stmt"/>
        <line num="52" count="0" type="cond" truecount="0" falsecount="2"/>
        <line num="53" count="0" type="stmt"/>
        <line num="56" count="0" type="stmt"/>
        <line num="62" count="1" type="stmt"/>
        <line num="63" count="3" type="stmt"/>
        <line num="64" count="3" type="stmt"/>
        <line num="69" count="2" type="stmt"/>
        <line num="74" count="1" type="stmt"/>
        <line num="81" count="1" type="stmt"/>
        <line num="82" count="4" type="stmt"/>
        <line num="83" count="4" type="stmt"/>
        <line num="85" count="2" type="stmt"/>
        <line num="90" count="2" type="stmt"/>
        <line num="95" count="1" type="stmt"/>
        <line num="97" count="2" type="stmt"/>
        <line num="100" count="2" type="stmt"/>
        <line num="105" count="2" type="cond" truecount="2" falsecount="0"/>
        <line num="106" count="1" type="stmt"/>
        <line num="109" count="2" type="stmt"/>
        <line num="117" count="1" type="stmt"/>
        <line num="120" count="1" type="stmt"/>
        <line num="125" count="1" type="cond" truecount="1" falsecount="1"/>
        <line num="126" count="0" type="stmt"/>
        <line num="129" count="1" type="stmt"/>
      </file>
      <file name="event.js" path="C:\Users\Crusiom\Desktop\4156\COMSW4156-Project\controllers\event.js">
        <metrics statements="24" coveredstatements="20" conditionals="0" coveredconditionals="0" methods="4" coveredmethods="4"/>
        <line num="1" count="1" type="stmt"/>
        <line num="2" count="1" type="stmt"/>
        <line num="7" count="1" type="stmt"/>
        <line num="8" count="1" type="stmt"/>
        <line num="10" count="1" type="stmt"/>
        <line num="13" count="1" type="stmt"/>
        <line num="16" count="1" type="stmt"/>
        <line num="22" count="0" type="stmt"/>
        <line num="29" count="1" type="stmt"/>
        <line num="30" count="1" type="stmt"/>
        <line num="32" count="1" type="stmt"/>
        <line num="38" count="1" type="stmt"/>
        <line num="44" count="0" type="stmt"/>
        <line num="51" count="1" type="stmt"/>
        <line num="52" count="1" type="stmt"/>
        <line num="54" count="1" type="stmt"/>
        <line num="57" count="1" type="stmt"/>
        <line num="63" count="0" type="stmt"/>
        <line num="70" count="1" type="stmt"/>
        <line num="71" count="1" type="stmt"/>
        <line num="73" count="1" type="stmt"/>
        <line num="76" count="1" type="stmt"/>
        <line num="79" count="1" type="stmt"/>
        <line num="85" count="0" type="stmt"/>
      </file>
      <file name="reviews.js" path="C:\Users\Crusiom\Desktop\4156\COMSW4156-Project\controllers\reviews.js">
        <metrics statements="18" coveredstatements="13" conditionals="0" coveredconditionals="0" methods="3" coveredmethods="2"/>
        <line num="1" count="1" type="stmt"/>
        <line num="2" count="1" type="stmt"/>
        <line num="7" count="1" type="stmt"/>
        <line num="8" count="2" type="stmt"/>
        <line num="10" count="2" type="stmt"/>
        <line num="13" count="2" type="stmt"/>
        <line num="16" count="1" type="stmt"/>
        <line num="22" count="1" type="stmt"/>
        <line num="29" count="1" type="stmt"/>
        <line num="30" count="0" type="stmt"/>
        <line num="32" count="0" type="stmt"/>
        <line num="38" count="0" type="stmt"/>
        <line num="44" count="0" type="stmt"/>
        <line num="51" count="1" type="stmt"/>
        <line num="52" count="1" type="stmt"/>
        <line num="54" count="1" type="stmt"/>
        <line num="57" count="0" type="stmt"/>
        <line num="63" count="1" type="stmt"/>
      </file>
      <file name="users.js" path="C:\Users\Crusiom\Desktop\4156\COMSW4156-Project\controllers\users.js">
        <metrics statements="26" coveredstatements="21" conditionals="0" coveredconditionals="0" methods="5" coveredmethods="5"/>
        <line num="1" count="1" type="stmt"/>
        <line num="2" count="1" type="stmt"/>
        <line num="7" count="1" type="stmt"/>
        <line num="8" count="1" type="stmt"/>
        <line num="9" count="1" type="stmt"/>
        <line num="11" count="0" type="stmt"/>
        <line num="18" count="1" type="stmt"/>
        <line num="19" count="1" type="stmt"/>
        <line num="20" count="1" type="stmt"/>
        <line num="22" count="1" type="stmt"/>
        <line num="27" count="0" type="stmt"/>
        <line num="34" count="1" type="stmt"/>
        <line num="35" count="1" type="stmt"/>
        <line num="36" count="1" type="stmt"/>
        <line num="38" count="1" type="stmt"/>
        <line num="43" count="0" type="stmt"/>
        <line num="50" count="1" type="stmt"/>
        <line num="51" count="1" type="stmt"/>
        <line num="52" count="1" type="stmt"/>
        <line num="57" count="1" type="stmt"/>
        <line num="62" count="0" type="stmt"/>
        <line num="69" count="1" type="stmt"/>
        <line num="70" count="1" type="stmt"/>
        <line num="71" count="1" type="stmt"/>
        <line num="73" count="1" type="stmt"/>
        <line num="78" count="0" type="stmt"/>
      </file>
    </package>
    <package name="helpers">
      <metrics statements="3" coveredstatements="3" conditionals="0" coveredconditionals="0" methods="1" coveredmethods="1"/>
      <file name="errResponse.js" path="C:\Users\Crusiom\Desktop\4156\COMSW4156-Project\helpers\errResponse.js">
        <metrics statements="3" coveredstatements="3" conditionals="0" coveredconditionals="0" methods="1" coveredmethods="1"/>
        <line num="10" count="10" type="stmt"/>
        <line num="11" count="10" type="stmt"/>
        <line num="15" count="6" type="stmt"/>
      </file>
    </package>
    <package name="middlewares">
      <metrics statements="69" coveredstatements="69" conditionals="24" coveredconditionals="24" methods="13" coveredmethods="13"/>
      <file name="advancedResults.js" path="C:\Users\Crusiom\Desktop\4156\COMSW4156-Project\middlewares\advancedResults.js">
        <metrics statements="20" coveredstatements="20" conditionals="6" coveredconditionals="6" methods="4" coveredmethods="4"/>
        <line num="2" count="4" type="stmt"/>
        <line num="6" count="4" type="stmt"/>
        <line num="9" count="4" type="stmt"/>
        <line num="12" count="16" type="stmt"/>
        <line num="15" count="4" type="stmt"/>
        <line num="18" count="4" type="stmt"/>
        <line num="21" count="4" type="stmt"/>
        <line num="24" count="4" type="cond" truecount="2" falsecount="0"/>
        <line num="25" count="1" type="stmt"/>
        <line num="26" count="1" type="stmt"/>
        <line num="30" count="4" type="cond" truecount="2" falsecount="0"/>
        <line num="31" count="1" type="stmt"/>
        <line num="32" count="1" type="stmt"/>
        <line num="34" count="3" type="stmt"/>
        <line num="38" count="4" type="cond" truecount="2" falsecount="0"/>
        <line num="39" count="1" type="stmt"/>
        <line num="43" count="4" type="stmt"/>
        <line num="45" count="4" type="stmt"/>
        <line num="51" count="4" type="stmt"/>
        <line num="54" count="1" type="stmt"/>
      </file>
      <file name="appChecker.js" path="C:\Users\Crusiom\Desktop\4156\COMSW4156-Project\middlewares\appChecker.js">
        <metrics statements="12" coveredstatements="12" conditionals="4" coveredconditionals="4" methods="2" coveredmethods="2"/>
        <line num="1" count="1" type="stmt"/>
        <line num="2" count="1" type="stmt"/>
        <line num="3" count="1" type="stmt"/>
        <line num="10" count="1" type="stmt"/>
        <line num="11" count="3" type="stmt"/>
        <line num="12" count="3" type="stmt"/>
        <line num="13" count="3" type="stmt"/>
        <line num="16" count="3" type="cond" truecount="2" falsecount="0"/>
        <line num="17" count="1" type="stmt"/>
        <line num="21" count="2" type="cond" truecount="2" falsecount="0"/>
        <line num="23" count="1" type="stmt"/>
        <line num="26" count="1" type="stmt"/>
      </file>
      <file name="async.js" path="C:\Users\Crusiom\Desktop\4156\COMSW4156-Project\middlewares\async.js">
        <metrics statements="3" coveredstatements="3" conditionals="0" coveredconditionals="0" methods="2" coveredmethods="2"/>
        <line num="2" count="27" type="stmt"/>
        <line num="5" count="53" type="stmt"/>
        <line num="9" count="9" type="stmt"/>
      </file>
      <file name="auth.js" path="C:\Users\Crusiom\Desktop\4156\COMSW4156-Project\middlewares\auth.js">
        <metrics statements="22" coveredstatements="22" conditionals="10" coveredconditionals="10" methods="3" coveredmethods="3"/>
        <line num="1" count="1" type="stmt"/>
        <line num="2" count="1" type="stmt"/>
        <line num="3" count="1" type="stmt"/>
        <line num="4" count="1" type="stmt"/>
        <line num="7" count="1" type="stmt"/>
        <line num="10" count="4" type="cond" truecount="4" falsecount="0"/>
        <line num="11" count="2" type="stmt"/>
        <line num="12" count="2" type="cond" truecount="2" falsecount="0"/>
        <line num="13" count="1" type="stmt"/>
        <line num="17" count="4" type="cond" truecount="2" falsecount="0"/>
        <line num="18" count="1" type="stmt"/>
        <line num="21" count="3" type="stmt"/>
        <line num="23" count="3" type="stmt"/>
        <line num="24" count="2" type="stmt"/>
        <line num="26" count="2" type="stmt"/>
        <line num="27" count="2" type="stmt"/>
        <line num="29" count="1" type="stmt"/>
        <line num="34" count="1" type="stmt"/>
        <line num="35" count="2" type="stmt"/>
        <line num="36" count="2" type="cond" truecount="2" falsecount="0"/>
        <line num="37" count="1" type="stmt"/>
        <line num="39" count="1" type="stmt"/>
      </file>
      <file name="eventChecker.js" path="C:\Users\Crusiom\Desktop\4156\COMSW4156-Project\middlewares\eventChecker.js">
        <metrics statements="12" coveredstatements="12" conditionals="4" coveredconditionals="4" methods="2" coveredmethods="2"/>
        <line num="1" count="1" type="stmt"/>
        <line num="2" count="1" type="stmt"/>
        <line num="3" count="1" type="stmt"/>
        <line num="10" count="1" type="stmt"/>
        <line num="11" count="3" type="stmt"/>
        <line num="12" count="3" type="stmt"/>
        <line num="13" count="3" type="stmt"/>
        <line num="16" count="3" type="cond" truecount="2" falsecount="0"/>
        <line num="17" count="1" type="stmt"/>
        <line num="21" count="2" type="cond" truecount="2" falsecount="0"/>
        <line num="23" count="1" type="stmt"/>
        <line num="26" count="1" type="stmt"/>
      </file>
    </package>
    <package name="models">
      <metrics statements="29" coveredstatements="28" conditionals="2" coveredconditionals="1" methods="4" coveredmethods="4"/>
      <file name="Apps.js" path="C:\Users\Crusiom\Desktop\4156\COMSW4156-Project\models\Apps.js">
        <metrics statements="3" coveredstatements="3" conditionals="0" coveredconditionals="0" methods="0" coveredmethods="0"/>
        <line num="1" count="3" type="stmt"/>
        <line num="3" count="3" type="stmt"/>
        <line num="46" count="3" type="stmt"/>
      </file>
      <file name="Events.js" path="C:\Users\Crusiom\Desktop\4156\COMSW4156-Project\models\Events.js">
        <metrics statements="3" coveredstatements="3" conditionals="0" coveredconditionals="0" methods="0" coveredmethods="0"/>
        <line num="1" count="3" type="stmt"/>
        <line num="3" count="3" type="stmt"/>
        <line num="49" count="3" type="stmt"/>
      </file>
      <file name="Reviews.js" path="C:\Users\Crusiom\Desktop\4156\COMSW4156-Project\models\Reviews.js">
        <metrics statements="3" coveredstatements="3" conditionals="0" coveredconditionals="0" methods="0" coveredmethods="0"/>
        <line num="1" count="1" type="stmt"/>
        <line num="3" count="1" type="stmt"/>
        <line num="25" count="1" type="stmt"/>
      </file>
      <file name="Users.js" path="C:\Users\Crusiom\Desktop\4156\COMSW4156-Project\models\Users.js">
        <metrics statements="20" coveredstatements="19" conditionals="2" coveredconditionals="1" methods="4" coveredmethods="4"/>
        <line num="1" count="4" type="stmt"/>
        <line num="2" count="4" type="stmt"/>
        <line num="3" count="4" type="stmt"/>
        <line num="4" count="4" type="stmt"/>
        <line num="6" count="4" type="stmt"/>
        <line num="51" count="4" type="stmt"/>
        <line num="52" count="2" type="cond" truecount="1" falsecount="1"/>
        <line num="53" count="0" type="stmt"/>
        <line num="56" count="2" type="stmt"/>
        <line num="57" count="2" type="stmt"/>
        <line num="61" count="4" type="stmt"/>
        <line num="62" count="1" type="stmt"/>
        <line num="68" count="4" type="stmt"/>
        <line num="69" count="1" type="stmt"/>
        <line num="73" count="4" type="stmt"/>
        <line num="75" count="1" type="stmt"/>
        <line num="78" count="1" type="stmt"/>
        <line num="81" count="1" type="stmt"/>
        <line num="84" count="1" type="stmt"/>
        <line num="87" count="4" type="stmt"/>
      </file>
    </package>
  </project>
</coverage>
