{"/Users/molu/Desktop/4156group/COMSW4156-Project/controllers/app.js": {"path":"/Users/molu/Desktop/4156group/COMSW4156-Project/controllers/app.js","statementMap":{"0":{"start":{"line":1,"column":12},"end":{"line":1,"column":37}},"1":{"start":{"line":2,"column":21},"end":{"line":2,"column":52}},"2":{"start":{"line":3,"column":22},"end":{"line":3,"column":55}},"3":{"start":{"line":8,"column":0},"end":{"line":25,"column":3}},"4":{"start":{"line":9,"column":4},"end":{"line":24,"column":5}},"5":{"start":{"line":11,"column":8},"end":{"line":11,"column":38}},"6":{"start":{"line":14,"column":20},"end":{"line":14,"column":46}},"7":{"start":{"line":17,"column":8},"end":{"line":20,"column":11}},"8":{"start":{"line":23,"column":8},"end":{"line":23,"column":25}},"9":{"start":{"line":57,"column":0},"end":{"line":87,"column":3}},"10":{"start":{"line":58,"column":4},"end":{"line":86,"column":5}},"11":{"start":{"line":60,"column":20},"end":{"line":60,"column":53}},"12":{"start":{"line":63,"column":8},"end":{"line":65,"column":9}},"13":{"start":{"line":64,"column":12},"end":{"line":64,"column":65}},"14":{"start":{"line":68,"column":8},"end":{"line":70,"column":9}},"15":{"start":{"line":69,"column":12},"end":{"line":69,"column":78}},"16":{"start":{"line":73,"column":27},"end":{"line":76,"column":10}},"17":{"start":{"line":79,"column":8},"end":{"line":82,"column":11}},"18":{"start":{"line":85,"column":8},"end":{"line":85,"column":25}}},"fnMap":{"0":{"name":"(anonymous_0)","decl":{"start":{"line":8,"column":33},"end":{"line":8,"column":34}},"loc":{"start":{"line":8,"column":59},"end":{"line":25,"column":1}},"line":8},"1":{"name":"(anonymous_1)","decl":{"start":{"line":57,"column":33},"end":{"line":57,"column":34}},"loc":{"start":{"line":57,"column":59},"end":{"line":87,"column":1}},"line":57}},"branchMap":{"0":{"loc":{"start":{"line":63,"column":8},"end":{"line":65,"column":9}},"type":"if","locations":[{"start":{"line":63,"column":8},"end":{"line":65,"column":9}},{"start":{},"end":{}}],"line":63},"1":{"loc":{"start":{"line":68,"column":8},"end":{"line":70,"column":9}},"type":"if","locations":[{"start":{"line":68,"column":8},"end":{"line":70,"column":9}},{"start":{},"end":{}}],"line":68}},"s":{"0":1,"1":1,"2":1,"3":1,"4":2,"5":2,"6":2,"7":1,"8":1,"9":1,"10":5,"11":5,"12":3,"13":1,"14":2,"15":1,"16":1,"17":1,"18":1},"f":{"0":2,"1":5},"b":{"0":[1,2],"1":[1,1]},"_coverageSchema":"1a1c01bbd47fc00a2c39e90264f33305004495a9","hash":"688c00785d95255266414d546b9c66aad5f00654"}
,"/Users/molu/Desktop/4156group/COMSW4156-Project/controllers/auth.js": {"path":"/Users/molu/Desktop/4156group/COMSW4156-Project/controllers/auth.js","statementMap":{"0":{"start":{"line":1,"column":13},"end":{"line":1,"column":39}},"1":{"start":{"line":2,"column":22},"end":{"line":2,"column":55}},"2":{"start":{"line":3,"column":21},"end":{"line":3,"column":52}},"3":{"start":{"line":8,"column":0},"end":{"line":29,"column":3}},"4":{"start":{"line":9,"column":4},"end":{"line":28,"column":5}},"5":{"start":{"line":10,"column":53},"end":{"line":10,"column":61}},"6":{"start":{"line":12,"column":29},"end":{"line":12,"column":58}},"7":{"start":{"line":13,"column":8},"end":{"line":15,"column":9}},"8":{"start":{"line":14,"column":12},"end":{"line":14,"column":87}},"9":{"start":{"line":18,"column":21},"end":{"line":24,"column":10}},"10":{"start":{"line":25,"column":8},"end":{"line":25,"column":48}},"11":{"start":{"line":27,"column":8},"end":{"line":27,"column":25}},"12":{"start":{"line":34,"column":0},"end":{"line":57,"column":3}},"13":{"start":{"line":35,"column":32},"end":{"line":35,"column":40}},"14":{"start":{"line":38,"column":4},"end":{"line":40,"column":5}},"15":{"start":{"line":39,"column":8},"end":{"line":39,"column":79}},"16":{"start":{"line":43,"column":17},"end":{"line":43,"column":66}},"17":{"start":{"line":45,"column":4},"end":{"line":47,"column":5}},"18":{"start":{"line":46,"column":8},"end":{"line":46,"column":67}},"19":{"start":{"line":50,"column":20},"end":{"line":50,"column":54}},"20":{"start":{"line":52,"column":4},"end":{"line":54,"column":5}},"21":{"start":{"line":53,"column":8},"end":{"line":53,"column":67}},"22":{"start":{"line":56,"column":4},"end":{"line":56,"column":44}},"23":{"start":{"line":62,"column":0},"end":{"line":76,"column":3}},"24":{"start":{"line":63,"column":4},"end":{"line":75,"column":5}},"25":{"start":{"line":64,"column":8},"end":{"line":67,"column":11}},"26":{"start":{"line":69,"column":8},"end":{"line":72,"column":11}},"27":{"start":{"line":74,"column":8},"end":{"line":74,"column":25}},"28":{"start":{"line":81,"column":0},"end":{"line":92,"column":3}},"29":{"start":{"line":82,"column":4},"end":{"line":91,"column":5}},"30":{"start":{"line":83,"column":21},"end":{"line":83,"column":53}},"31":{"start":{"line":85,"column":8},"end":{"line":88,"column":11}},"32":{"start":{"line":90,"column":8},"end":{"line":90,"column":25}},"33":{"start":{"line":95,"column":0},"end":{"line":113,"column":2}},"34":{"start":{"line":97,"column":18},"end":{"line":97,"column":42}},"35":{"start":{"line":100,"column":20},"end":{"line":103,"column":5}},"36":{"start":{"line":105,"column":4},"end":{"line":107,"column":5}},"37":{"start":{"line":106,"column":8},"end":{"line":106,"column":30}},"38":{"start":{"line":109,"column":4},"end":{"line":112,"column":7}},"39":{"start":{"line":117,"column":18},"end":{"line":117,"column":42}},"40":{"start":{"line":120,"column":20},"end":{"line":123,"column":5}},"41":{"start":{"line":125,"column":4},"end":{"line":127,"column":5}},"42":{"start":{"line":126,"column":8},"end":{"line":126,"column":30}},"43":{"start":{"line":129,"column":4},"end":{"line":132,"column":7}}},"fnMap":{"0":{"name":"(anonymous_0)","decl":{"start":{"line":8,"column":32},"end":{"line":8,"column":33}},"loc":{"start":{"line":8,"column":58},"end":{"line":29,"column":1}},"line":8},"1":{"name":"(anonymous_1)","decl":{"start":{"line":34,"column":29},"end":{"line":34,"column":30}},"loc":{"start":{"line":34,"column":55},"end":{"line":57,"column":1}},"line":34},"2":{"name":"(anonymous_2)","decl":{"start":{"line":62,"column":30},"end":{"line":62,"column":31}},"loc":{"start":{"line":62,"column":56},"end":{"line":76,"column":1}},"line":62},"3":{"name":"(anonymous_3)","decl":{"start":{"line":81,"column":29},"end":{"line":81,"column":30}},"loc":{"start":{"line":81,"column":55},"end":{"line":92,"column":1}},"line":81},"4":{"name":"(anonymous_4)","decl":{"start":{"line":95,"column":28},"end":{"line":95,"column":29}},"loc":{"start":{"line":95,"column":55},"end":{"line":113,"column":1}},"line":95},"5":{"name":"sendTokenResponseStatic","decl":{"start":{"line":115,"column":9},"end":{"line":115,"column":32}},"loc":{"start":{"line":115,"column":57},"end":{"line":133,"column":1}},"line":115}},"branchMap":{"0":{"loc":{"start":{"line":13,"column":8},"end":{"line":15,"column":9}},"type":"if","locations":[{"start":{"line":13,"column":8},"end":{"line":15,"column":9}},{"start":{},"end":{}}],"line":13},"1":{"loc":{"start":{"line":38,"column":4},"end":{"line":40,"column":5}},"type":"if","locations":[{"start":{"line":38,"column":4},"end":{"line":40,"column":5}},{"start":{},"end":{}}],"line":38},"2":{"loc":{"start":{"line":38,"column":8},"end":{"line":38,"column":27}},"type":"binary-expr","locations":[{"start":{"line":38,"column":8},"end":{"line":38,"column":14}},{"start":{"line":38,"column":18},"end":{"line":38,"column":27}}],"line":38},"3":{"loc":{"start":{"line":45,"column":4},"end":{"line":47,"column":5}},"type":"if","locations":[{"start":{"line":45,"column":4},"end":{"line":47,"column":5}},{"start":{},"end":{}}],"line":45},"4":{"loc":{"start":{"line":52,"column":4},"end":{"line":54,"column":5}},"type":"if","locations":[{"start":{"line":52,"column":4},"end":{"line":54,"column":5}},{"start":{},"end":{}}],"line":52},"5":{"loc":{"start":{"line":105,"column":4},"end":{"line":107,"column":5}},"type":"if","locations":[{"start":{"line":105,"column":4},"end":{"line":107,"column":5}},{"start":{},"end":{}}],"line":105},"6":{"loc":{"start":{"line":125,"column":4},"end":{"line":127,"column":5}},"type":"if","locations":[{"start":{"line":125,"column":4},"end":{"line":127,"column":5}},{"start":{},"end":{}}],"line":125}},"s":{"0":1,"1":1,"2":1,"3":1,"4":2,"5":2,"6":2,"7":2,"8":1,"9":1,"10":1,"11":0,"12":1,"13":13,"14":13,"15":3,"16":10,"17":0,"18":0,"19":0,"20":0,"21":0,"22":0,"23":1,"24":3,"25":3,"26":2,"27":1,"28":1,"29":4,"30":4,"31":2,"32":2,"33":1,"34":2,"35":2,"36":2,"37":1,"38":2,"39":1,"40":1,"41":1,"42":0,"43":1},"f":{"0":2,"1":13,"2":3,"3":4,"4":2,"5":1},"b":{"0":[1,1],"1":[3,10],"2":[13,12],"3":[0,0],"4":[0,0],"5":[1,1],"6":[0,1]},"_coverageSchema":"1a1c01bbd47fc00a2c39e90264f33305004495a9","hash":"7fcbd96c1881e05d8219817f3373b833bd39011e"}
,"/Users/molu/Desktop/4156group/COMSW4156-Project/controllers/event.js": {"path":"/Users/molu/Desktop/4156group/COMSW4156-Project/controllers/event.js","statementMap":{"0":{"start":{"line":1,"column":14},"end":{"line":1,"column":41}},"1":{"start":{"line":2,"column":21},"end":{"line":2,"column":52}},"2":{"start":{"line":7,"column":0},"end":{"line":24,"column":3}},"3":{"start":{"line":8,"column":4},"end":{"line":23,"column":5}},"4":{"start":{"line":10,"column":8},"end":{"line":10,"column":36}},"5":{"start":{"line":13,"column":22},"end":{"line":13,"column":50}},"6":{"start":{"line":16,"column":8},"end":{"line":19,"column":11}},"7":{"start":{"line":22,"column":8},"end":{"line":22,"column":25}},"8":{"start":{"line":29,"column":0},"end":{"line":46,"column":3}},"9":{"start":{"line":30,"column":4},"end":{"line":45,"column":5}},"10":{"start":{"line":32,"column":22},"end":{"line":35,"column":10}},"11":{"start":{"line":38,"column":8},"end":{"line":41,"column":11}},"12":{"start":{"line":44,"column":8},"end":{"line":44,"column":25}},"13":{"start":{"line":51,"column":0},"end":{"line":65,"column":3}},"14":{"start":{"line":52,"column":4},"end":{"line":64,"column":5}},"15":{"start":{"line":54,"column":8},"end":{"line":54,"column":53}},"16":{"start":{"line":57,"column":8},"end":{"line":60,"column":11}},"17":{"start":{"line":63,"column":8},"end":{"line":63,"column":25}},"18":{"start":{"line":70,"column":0},"end":{"line":87,"column":3}},"19":{"start":{"line":71,"column":4},"end":{"line":86,"column":5}},"20":{"start":{"line":73,"column":20},"end":{"line":73,"column":32}},"21":{"start":{"line":76,"column":23},"end":{"line":76,"column":48}},"22":{"start":{"line":79,"column":8},"end":{"line":82,"column":11}},"23":{"start":{"line":85,"column":8},"end":{"line":85,"column":25}}},"fnMap":{"0":{"name":"(anonymous_0)","decl":{"start":{"line":7,"column":35},"end":{"line":7,"column":36}},"loc":{"start":{"line":7,"column":61},"end":{"line":24,"column":1}},"line":7},"1":{"name":"(anonymous_1)","decl":{"start":{"line":29,"column":35},"end":{"line":29,"column":36}},"loc":{"start":{"line":29,"column":61},"end":{"line":46,"column":1}},"line":29},"2":{"name":"(anonymous_2)","decl":{"start":{"line":51,"column":35},"end":{"line":51,"column":36}},"loc":{"start":{"line":51,"column":61},"end":{"line":65,"column":1}},"line":51},"3":{"name":"(anonymous_3)","decl":{"start":{"line":70,"column":33},"end":{"line":70,"column":34}},"loc":{"start":{"line":70,"column":59},"end":{"line":87,"column":1}},"line":70}},"branchMap":{},"s":{"0":1,"1":1,"2":1,"3":1,"4":1,"5":1,"6":1,"7":0,"8":1,"9":1,"10":1,"11":1,"12":0,"13":1,"14":1,"15":1,"16":1,"17":0,"18":1,"19":1,"20":1,"21":1,"22":1,"23":0},"f":{"0":1,"1":1,"2":1,"3":1},"b":{},"_coverageSchema":"1a1c01bbd47fc00a2c39e90264f33305004495a9","hash":"abd66f0173e1f8a58772a86ab6a337d2411904c4"}
,"/Users/molu/Desktop/4156group/COMSW4156-Project/controllers/reviews.js": {"path":"/Users/molu/Desktop/4156group/COMSW4156-Project/controllers/reviews.js","statementMap":{"0":{"start":{"line":1,"column":15},"end":{"line":1,"column":43}},"1":{"start":{"line":2,"column":21},"end":{"line":2,"column":52}},"2":{"start":{"line":7,"column":0},"end":{"line":22,"column":3}},"3":{"start":{"line":8,"column":4},"end":{"line":21,"column":5}},"4":{"start":{"line":9,"column":22},"end":{"line":9,"column":36}},"5":{"start":{"line":11,"column":24},"end":{"line":11,"column":52}},"6":{"start":{"line":14,"column":8},"end":{"line":17,"column":11}},"7":{"start":{"line":20,"column":8},"end":{"line":20,"column":25}},"8":{"start":{"line":27,"column":0},"end":{"line":44,"column":3}},"9":{"start":{"line":28,"column":4},"end":{"line":43,"column":5}},"10":{"start":{"line":30,"column":8},"end":{"line":30,"column":40}},"11":{"start":{"line":33,"column":23},"end":{"line":33,"column":52}},"12":{"start":{"line":36,"column":8},"end":{"line":39,"column":11}},"13":{"start":{"line":42,"column":8},"end":{"line":42,"column":25}},"14":{"start":{"line":49,"column":0},"end":{"line":66,"column":3}},"15":{"start":{"line":50,"column":4},"end":{"line":65,"column":5}},"16":{"start":{"line":52,"column":23},"end":{"line":55,"column":10}},"17":{"start":{"line":58,"column":8},"end":{"line":61,"column":11}},"18":{"start":{"line":64,"column":8},"end":{"line":64,"column":25}},"19":{"start":{"line":71,"column":0},"end":{"line":85,"column":3}},"20":{"start":{"line":72,"column":4},"end":{"line":84,"column":5}},"21":{"start":{"line":74,"column":8},"end":{"line":74,"column":54}},"22":{"start":{"line":77,"column":8},"end":{"line":80,"column":11}},"23":{"start":{"line":83,"column":8},"end":{"line":83,"column":25}}},"fnMap":{"0":{"name":"(anonymous_0)","decl":{"start":{"line":7,"column":33},"end":{"line":7,"column":34}},"loc":{"start":{"line":7,"column":59},"end":{"line":22,"column":1}},"line":7},"1":{"name":"(anonymous_1)","decl":{"start":{"line":27,"column":36},"end":{"line":27,"column":37}},"loc":{"start":{"line":27,"column":62},"end":{"line":44,"column":1}},"line":27},"2":{"name":"(anonymous_2)","decl":{"start":{"line":49,"column":36},"end":{"line":49,"column":37}},"loc":{"start":{"line":49,"column":62},"end":{"line":66,"column":1}},"line":49},"3":{"name":"(anonymous_3)","decl":{"start":{"line":71,"column":36},"end":{"line":71,"column":37}},"loc":{"start":{"line":71,"column":62},"end":{"line":85,"column":1}},"line":71}},"branchMap":{},"s":{"0":1,"1":1,"2":1,"3":0,"4":0,"5":0,"6":0,"7":0,"8":1,"9":2,"10":2,"11":2,"12":1,"13":1,"14":1,"15":0,"16":0,"17":0,"18":0,"19":1,"20":1,"21":1,"22":0,"23":1},"f":{"0":0,"1":2,"2":0,"3":1},"b":{},"_coverageSchema":"1a1c01bbd47fc00a2c39e90264f33305004495a9","hash":"7bf089ed362120a5e87b23aa1ad2da29b15373ee"}
,"/Users/molu/Desktop/4156group/COMSW4156-Project/controllers/users.js": {"path":"/Users/molu/Desktop/4156group/COMSW4156-Project/controllers/users.js","statementMap":{"0":{"start":{"line":1,"column":13},"end":{"line":1,"column":39}},"1":{"start":{"line":2,"column":21},"end":{"line":2,"column":52}},"2":{"start":{"line":7,"column":0},"end":{"line":13,"column":3}},"3":{"start":{"line":8,"column":4},"end":{"line":12,"column":5}},"4":{"start":{"line":9,"column":8},"end":{"line":9,"column":57}},"5":{"start":{"line":11,"column":8},"end":{"line":11,"column":25}},"6":{"start":{"line":18,"column":0},"end":{"line":29,"column":3}},"7":{"start":{"line":19,"column":4},"end":{"line":28,"column":5}},"8":{"start":{"line":20,"column":21},"end":{"line":20,"column":55}},"9":{"start":{"line":22,"column":8},"end":{"line":25,"column":11}},"10":{"start":{"line":27,"column":8},"end":{"line":27,"column":25}},"11":{"start":{"line":34,"column":0},"end":{"line":45,"column":3}},"12":{"start":{"line":35,"column":4},"end":{"line":44,"column":5}},"13":{"start":{"line":36,"column":21},"end":{"line":36,"column":48}},"14":{"start":{"line":38,"column":8},"end":{"line":41,"column":11}},"15":{"start":{"line":43,"column":8},"end":{"line":43,"column":25}},"16":{"start":{"line":50,"column":0},"end":{"line":64,"column":3}},"17":{"start":{"line":51,"column":4},"end":{"line":63,"column":5}},"18":{"start":{"line":52,"column":21},"end":{"line":55,"column":10}},"19":{"start":{"line":57,"column":8},"end":{"line":60,"column":11}},"20":{"start":{"line":62,"column":8},"end":{"line":62,"column":25}},"21":{"start":{"line":69,"column":0},"end":{"line":80,"column":3}},"22":{"start":{"line":70,"column":4},"end":{"line":79,"column":5}},"23":{"start":{"line":71,"column":8},"end":{"line":71,"column":52}},"24":{"start":{"line":73,"column":8},"end":{"line":76,"column":11}},"25":{"start":{"line":78,"column":8},"end":{"line":78,"column":25}}},"fnMap":{"0":{"name":"(anonymous_0)","decl":{"start":{"line":7,"column":32},"end":{"line":7,"column":33}},"loc":{"start":{"line":7,"column":58},"end":{"line":13,"column":1}},"line":7},"1":{"name":"(anonymous_1)","decl":{"start":{"line":18,"column":31},"end":{"line":18,"column":32}},"loc":{"start":{"line":18,"column":57},"end":{"line":29,"column":1}},"line":18},"2":{"name":"(anonymous_2)","decl":{"start":{"line":34,"column":34},"end":{"line":34,"column":35}},"loc":{"start":{"line":34,"column":60},"end":{"line":45,"column":1}},"line":34},"3":{"name":"(anonymous_3)","decl":{"start":{"line":50,"column":34},"end":{"line":50,"column":35}},"loc":{"start":{"line":50,"column":60},"end":{"line":64,"column":1}},"line":50},"4":{"name":"(anonymous_4)","decl":{"start":{"line":69,"column":34},"end":{"line":69,"column":35}},"loc":{"start":{"line":69,"column":60},"end":{"line":80,"column":1}},"line":69}},"branchMap":{},"s":{"0":1,"1":1,"2":1,"3":1,"4":1,"5":0,"6":1,"7":1,"8":1,"9":1,"10":0,"11":1,"12":1,"13":1,"14":1,"15":0,"16":1,"17":1,"18":1,"19":1,"20":0,"21":1,"22":1,"23":1,"24":1,"25":0},"f":{"0":1,"1":1,"2":1,"3":1,"4":1},"b":{},"_coverageSchema":"1a1c01bbd47fc00a2c39e90264f33305004495a9","hash":"ebd9abb95950bec301897e50be43f9f38ec49f0d"}
,"/Users/molu/Desktop/4156group/COMSW4156-Project/helpers/errResponse.js": {"path":"/Users/molu/Desktop/4156group/COMSW4156-Project/helpers/errResponse.js","statementMap":{"0":{"start":{"line":10,"column":8},"end":{"line":10,"column":23}},"1":{"start":{"line":11,"column":8},"end":{"line":11,"column":37}},"2":{"start":{"line":15,"column":0},"end":{"line":15,"column":31}}},"fnMap":{"0":{"name":"(anonymous_0)","decl":{"start":{"line":9,"column":4},"end":{"line":9,"column":5}},"loc":{"start":{"line":9,"column":38},"end":{"line":12,"column":5}},"line":9}},"branchMap":{},"s":{"0":10,"1":10,"2":6},"f":{"0":10},"b":{},"_coverageSchema":"1a1c01bbd47fc00a2c39e90264f33305004495a9","hash":"8b541420e6289734413d921ac6a7c37beeea71c9"}
,"/Users/molu/Desktop/4156group/COMSW4156-Project/middlewares/advancedResults.js": {"path":"/Users/molu/Desktop/4156group/COMSW4156-Project/middlewares/advancedResults.js","statementMap":{"0":{"start":{"line":2,"column":24},"end":{"line":52,"column":1}},"1":{"start":{"line":2,"column":45},"end":{"line":52,"column":1}},"2":{"start":{"line":6,"column":21},"end":{"line":6,"column":37}},"3":{"start":{"line":9,"column":25},"end":{"line":9,"column":60}},"4":{"start":{"line":12,"column":4},"end":{"line":12,"column":62}},"5":{"start":{"line":12,"column":37},"end":{"line":12,"column":60}},"6":{"start":{"line":15,"column":19},"end":{"line":15,"column":43}},"7":{"start":{"line":18,"column":4},"end":{"line":18,"column":83}},"8":{"start":{"line":18,"column":70},"end":{"line":18,"column":81}},"9":{"start":{"line":21,"column":4},"end":{"line":21,"column":45}},"10":{"start":{"line":24,"column":4},"end":{"line":27,"column":5}},"11":{"start":{"line":25,"column":23},"end":{"line":25,"column":60}},"12":{"start":{"line":26,"column":8},"end":{"line":26,"column":37}},"13":{"start":{"line":30,"column":4},"end":{"line":35,"column":5}},"14":{"start":{"line":31,"column":23},"end":{"line":31,"column":58}},"15":{"start":{"line":32,"column":8},"end":{"line":32,"column":35}},"16":{"start":{"line":34,"column":8},"end":{"line":34,"column":41}},"17":{"start":{"line":38,"column":4},"end":{"line":40,"column":5}},"18":{"start":{"line":39,"column":8},"end":{"line":39,"column":41}},"19":{"start":{"line":43,"column":19},"end":{"line":43,"column":30}},"20":{"start":{"line":45,"column":4},"end":{"line":50,"column":6}},"21":{"start":{"line":51,"column":4},"end":{"line":51,"column":11}},"22":{"start":{"line":54,"column":0},"end":{"line":54,"column":33}}},"fnMap":{"0":{"name":"(anonymous_0)","decl":{"start":{"line":2,"column":24},"end":{"line":2,"column":25}},"loc":{"start":{"line":2,"column":45},"end":{"line":52,"column":1}},"line":2},"1":{"name":"(anonymous_1)","decl":{"start":{"line":2,"column":45},"end":{"line":2,"column":46}},"loc":{"start":{"line":2,"column":71},"end":{"line":52,"column":1}},"line":2},"2":{"name":"(anonymous_2)","decl":{"start":{"line":12,"column":25},"end":{"line":12,"column":26}},"loc":{"start":{"line":12,"column":37},"end":{"line":12,"column":60}},"line":12},"3":{"name":"(anonymous_3)","decl":{"start":{"line":18,"column":59},"end":{"line":18,"column":60}},"loc":{"start":{"line":18,"column":70},"end":{"line":18,"column":81}},"line":18}},"branchMap":{"0":{"loc":{"start":{"line":24,"column":4},"end":{"line":27,"column":5}},"type":"if","locations":[{"start":{"line":24,"column":4},"end":{"line":27,"column":5}},{"start":{},"end":{}}],"line":24},"1":{"loc":{"start":{"line":30,"column":4},"end":{"line":35,"column":5}},"type":"if","locations":[{"start":{"line":30,"column":4},"end":{"line":35,"column":5}},{"start":{"line":33,"column":11},"end":{"line":35,"column":5}}],"line":30},"2":{"loc":{"start":{"line":38,"column":4},"end":{"line":40,"column":5}},"type":"if","locations":[{"start":{"line":38,"column":4},"end":{"line":40,"column":5}},{"start":{},"end":{}}],"line":38}},"s":{"0":1,"1":4,"2":4,"3":4,"4":4,"5":16,"6":4,"7":4,"8":3,"9":4,"10":4,"11":1,"12":1,"13":4,"14":1,"15":1,"16":3,"17":4,"18":1,"19":4,"20":4,"21":4,"22":1},"f":{"0":4,"1":4,"2":16,"3":3},"b":{"0":[1,3],"1":[1,3],"2":[1,3]},"_coverageSchema":"1a1c01bbd47fc00a2c39e90264f33305004495a9","hash":"62c69c661d51560300a88a8fb4569258c02e78e6"}
,"/Users/molu/Desktop/4156group/COMSW4156-Project/middlewares/appChecker.js": {"path":"/Users/molu/Desktop/4156group/COMSW4156-Project/middlewares/appChecker.js","statementMap":{"0":{"start":{"line":1,"column":22},"end":{"line":1,"column":55}},"1":{"start":{"line":2,"column":21},"end":{"line":2,"column":39}},"2":{"start":{"line":3,"column":12},"end":{"line":3,"column":37}},"3":{"start":{"line":10,"column":0},"end":{"line":28,"column":2}},"4":{"start":{"line":11,"column":4},"end":{"line":27,"column":7}},"5":{"start":{"line":12,"column":20},"end":{"line":12,"column":32}},"6":{"start":{"line":13,"column":27},"end":{"line":13,"column":53}},"7":{"start":{"line":16,"column":8},"end":{"line":18,"column":9}},"8":{"start":{"line":17,"column":12},"end":{"line":17,"column":72}},"9":{"start":{"line":21,"column":8},"end":{"line":24,"column":9}},"10":{"start":{"line":23,"column":12},"end":{"line":23,"column":93}},"11":{"start":{"line":26,"column":8},"end":{"line":26,"column":15}}},"fnMap":{"0":{"name":"(anonymous_0)","decl":{"start":{"line":10,"column":25},"end":{"line":10,"column":26}},"loc":{"start":{"line":10,"column":38},"end":{"line":28,"column":1}},"line":10},"1":{"name":"(anonymous_1)","decl":{"start":{"line":11,"column":24},"end":{"line":11,"column":25}},"loc":{"start":{"line":11,"column":50},"end":{"line":27,"column":5}},"line":11}},"branchMap":{"0":{"loc":{"start":{"line":16,"column":8},"end":{"line":18,"column":9}},"type":"if","locations":[{"start":{"line":16,"column":8},"end":{"line":18,"column":9}},{"start":{},"end":{}}],"line":16},"1":{"loc":{"start":{"line":21,"column":8},"end":{"line":24,"column":9}},"type":"if","locations":[{"start":{"line":21,"column":8},"end":{"line":24,"column":9}},{"start":{},"end":{}}],"line":21}},"s":{"0":1,"1":1,"2":1,"3":1,"4":3,"5":3,"6":3,"7":3,"8":1,"9":2,"10":1,"11":1},"f":{"0":3,"1":3},"b":{"0":[1,2],"1":[1,1]},"_coverageSchema":"1a1c01bbd47fc00a2c39e90264f33305004495a9","hash":"0f909b7c74b21b8bee4619aa6697298ecf88601f"}
,"/Users/molu/Desktop/4156group/COMSW4156-Project/middlewares/async.js": {"path":"/Users/molu/Desktop/4156group/COMSW4156-Project/middlewares/async.js","statementMap":{"0":{"start":{"line":2,"column":21},"end":{"line":6,"column":1}},"1":{"start":{"line":2,"column":29},"end":{"line":6,"column":1}},"2":{"start":{"line":5,"column":4},"end":{"line":5,"column":52}},"3":{"start":{"line":9,"column":0},"end":{"line":9,"column":30}}},"fnMap":{"0":{"name":"(anonymous_0)","decl":{"start":{"line":2,"column":21},"end":{"line":2,"column":22}},"loc":{"start":{"line":2,"column":29},"end":{"line":6,"column":1}},"line":2},"1":{"name":"(anonymous_1)","decl":{"start":{"line":2,"column":29},"end":{"line":2,"column":30}},"loc":{"start":{"line":2,"column":49},"end":{"line":6,"column":1}},"line":2}},"branchMap":{},"s":{"0":9,"1":28,"2":53,"3":9},"f":{"0":28,"1":53},"b":{},"_coverageSchema":"1a1c01bbd47fc00a2c39e90264f33305004495a9","hash":"b6397a9c3301295f745f5c12da38f7c792792d80"}
,"/Users/molu/Desktop/4156group/COMSW4156-Project/middlewares/auth.js": {"path":"/Users/molu/Desktop/4156group/COMSW4156-Project/middlewares/auth.js","statementMap":{"0":{"start":{"line":1,"column":12},"end":{"line":1,"column":35}},"1":{"start":{"line":2,"column":22},"end":{"line":2,"column":55}},"2":{"start":{"line":3,"column":21},"end":{"line":3,"column":39}},"3":{"start":{"line":4,"column":13},"end":{"line":4,"column":39}},"4":{"start":{"line":7,"column":0},"end":{"line":31,"column":3}},"5":{"start":{"line":10,"column":4},"end":{"line":14,"column":5}},"6":{"start":{"line":11,"column":8},"end":{"line":11,"column":56}},"7":{"start":{"line":12,"column":11},"end":{"line":14,"column":5}},"8":{"start":{"line":13,"column":8},"end":{"line":13,"column":34}},"9":{"start":{"line":17,"column":4},"end":{"line":19,"column":5}},"10":{"start":{"line":18,"column":8},"end":{"line":18,"column":83}},"11":{"start":{"line":21,"column":4},"end":{"line":30,"column":5}},"12":{"start":{"line":23,"column":24},"end":{"line":23,"column":65}},"13":{"start":{"line":24,"column":8},"end":{"line":24,"column":29}},"14":{"start":{"line":26,"column":8},"end":{"line":26,"column":51}},"15":{"start":{"line":27,"column":8},"end":{"line":27,"column":15}},"16":{"start":{"line":29,"column":8},"end":{"line":29,"column":83}},"17":{"start":{"line":34,"column":0},"end":{"line":41,"column":2}},"18":{"start":{"line":35,"column":4},"end":{"line":40,"column":6}},"19":{"start":{"line":36,"column":8},"end":{"line":38,"column":9}},"20":{"start":{"line":37,"column":12},"end":{"line":37,"column":120}},"21":{"start":{"line":39,"column":8},"end":{"line":39,"column":15}}},"fnMap":{"0":{"name":"(anonymous_0)","decl":{"start":{"line":7,"column":31},"end":{"line":7,"column":32}},"loc":{"start":{"line":7,"column":57},"end":{"line":31,"column":1}},"line":7},"1":{"name":"(anonymous_1)","decl":{"start":{"line":34,"column":20},"end":{"line":34,"column":21}},"loc":{"start":{"line":34,"column":34},"end":{"line":41,"column":1}},"line":34},"2":{"name":"(anonymous_2)","decl":{"start":{"line":35,"column":11},"end":{"line":35,"column":12}},"loc":{"start":{"line":35,"column":31},"end":{"line":40,"column":5}},"line":35}},"branchMap":{"0":{"loc":{"start":{"line":10,"column":4},"end":{"line":14,"column":5}},"type":"if","locations":[{"start":{"line":10,"column":4},"end":{"line":14,"column":5}},{"start":{"line":12,"column":11},"end":{"line":14,"column":5}}],"line":10},"1":{"loc":{"start":{"line":10,"column":8},"end":{"line":10,"column":83}},"type":"binary-expr","locations":[{"start":{"line":10,"column":8},"end":{"line":10,"column":33}},{"start":{"line":10,"column":37},"end":{"line":10,"column":83}}],"line":10},"2":{"loc":{"start":{"line":12,"column":11},"end":{"line":14,"column":5}},"type":"if","locations":[{"start":{"line":12,"column":11},"end":{"line":14,"column":5}},{"start":{},"end":{}}],"line":12},"3":{"loc":{"start":{"line":17,"column":4},"end":{"line":19,"column":5}},"type":"if","locations":[{"start":{"line":17,"column":4},"end":{"line":19,"column":5}},{"start":{},"end":{}}],"line":17},"4":{"loc":{"start":{"line":36,"column":8},"end":{"line":38,"column":9}},"type":"if","locations":[{"start":{"line":36,"column":8},"end":{"line":38,"column":9}},{"start":{},"end":{}}],"line":36}},"s":{"0":1,"1":1,"2":1,"3":1,"4":1,"5":4,"6":2,"7":2,"8":1,"9":4,"10":1,"11":3,"12":3,"13":2,"14":2,"15":2,"16":1,"17":1,"18":2,"19":2,"20":1,"21":1},"f":{"0":4,"1":2,"2":2},"b":{"0":[2,2],"1":[4,2],"2":[1,1],"3":[1,3],"4":[1,1]},"_coverageSchema":"1a1c01bbd47fc00a2c39e90264f33305004495a9","hash":"6043bd3d8f3c97207e454e76c464385b86a617df"}
,"/Users/molu/Desktop/4156group/COMSW4156-Project/middlewares/eventChecker.js": {"path":"/Users/molu/Desktop/4156group/COMSW4156-Project/middlewares/eventChecker.js","statementMap":{"0":{"start":{"line":1,"column":22},"end":{"line":1,"column":55}},"1":{"start":{"line":2,"column":21},"end":{"line":2,"column":39}},"2":{"start":{"line":3,"column":14},"end":{"line":3,"column":41}},"3":{"start":{"line":10,"column":0},"end":{"line":28,"column":2}},"4":{"start":{"line":11,"column":4},"end":{"line":27,"column":7}},"5":{"start":{"line":12,"column":22},"end":{"line":12,"column":36}},"6":{"start":{"line":13,"column":29},"end":{"line":13,"column":59}},"7":{"start":{"line":16,"column":8},"end":{"line":18,"column":9}},"8":{"start":{"line":17,"column":12},"end":{"line":17,"column":96}},"9":{"start":{"line":21,"column":8},"end":{"line":24,"column":9}},"10":{"start":{"line":23,"column":12},"end":{"line":23,"column":93}},"11":{"start":{"line":26,"column":8},"end":{"line":26,"column":15}}},"fnMap":{"0":{"name":"(anonymous_0)","decl":{"start":{"line":10,"column":27},"end":{"line":10,"column":28}},"loc":{"start":{"line":10,"column":40},"end":{"line":28,"column":1}},"line":10},"1":{"name":"(anonymous_1)","decl":{"start":{"line":11,"column":24},"end":{"line":11,"column":25}},"loc":{"start":{"line":11,"column":50},"end":{"line":27,"column":5}},"line":11}},"branchMap":{"0":{"loc":{"start":{"line":16,"column":8},"end":{"line":18,"column":9}},"type":"if","locations":[{"start":{"line":16,"column":8},"end":{"line":18,"column":9}},{"start":{},"end":{}}],"line":16},"1":{"loc":{"start":{"line":21,"column":8},"end":{"line":24,"column":9}},"type":"if","locations":[{"start":{"line":21,"column":8},"end":{"line":24,"column":9}},{"start":{},"end":{}}],"line":21}},"s":{"0":1,"1":1,"2":1,"3":1,"4":3,"5":3,"6":3,"7":3,"8":1,"9":2,"10":1,"11":1},"f":{"0":3,"1":3},"b":{"0":[1,2],"1":[1,1]},"_coverageSchema":"1a1c01bbd47fc00a2c39e90264f33305004495a9","hash":"c5cf3c04a453967c0149dcf59dd1bf620c175f8b"}
,"/Users/molu/Desktop/4156group/COMSW4156-Project/models/Apps.js": {"path":"/Users/molu/Desktop/4156group/COMSW4156-Project/models/Apps.js","statementMap":{"0":{"start":{"line":1,"column":17},"end":{"line":1,"column":36}},"1":{"start":{"line":3,"column":18},"end":{"line":37,"column":2}},"2":{"start":{"line":46,"column":0},"end":{"line":46,"column":51}}},"fnMap":{},"branchMap":{},"s":{"0":3,"1":3,"2":3},"f":{},"b":{},"_coverageSchema":"1a1c01bbd47fc00a2c39e90264f33305004495a9","hash":"70d72bab4d1acffe578691030d836cb984791a8b"}
,"/Users/molu/Desktop/4156group/COMSW4156-Project/models/Events.js": {"path":"/Users/molu/Desktop/4156group/COMSW4156-Project/models/Events.js","statementMap":{"0":{"start":{"line":1,"column":17},"end":{"line":1,"column":36}},"1":{"start":{"line":3,"column":20},"end":{"line":40,"column":2}},"2":{"start":{"line":49,"column":0},"end":{"line":49,"column":55}}},"fnMap":{},"branchMap":{},"s":{"0":3,"1":3,"2":3},"f":{},"b":{},"_coverageSchema":"1a1c01bbd47fc00a2c39e90264f33305004495a9","hash":"72829231a920cc98ac0d2cd9f8ddfd9a5b2b1559"}
,"/Users/molu/Desktop/4156group/COMSW4156-Project/models/Reviews.js": {"path":"/Users/molu/Desktop/4156group/COMSW4156-Project/models/Reviews.js","statementMap":{"0":{"start":{"line":1,"column":17},"end":{"line":1,"column":36}},"1":{"start":{"line":3,"column":21},"end":{"line":23,"column":2}},"2":{"start":{"line":25,"column":0},"end":{"line":25,"column":57}}},"fnMap":{},"branchMap":{},"s":{"0":1,"1":1,"2":1},"f":{},"b":{},"_coverageSchema":"1a1c01bbd47fc00a2c39e90264f33305004495a9","hash":"a8e6caecbf862efc287c8caedc4085bed7896306"}
,"/Users/molu/Desktop/4156group/COMSW4156-Project/models/Users.js": {"path":"/Users/molu/Desktop/4156group/COMSW4156-Project/models/Users.js","statementMap":{"0":{"start":{"line":1,"column":15},"end":{"line":1,"column":32}},"1":{"start":{"line":2,"column":17},"end":{"line":2,"column":36}},"2":{"start":{"line":3,"column":15},"end":{"line":3,"column":34}},"3":{"start":{"line":4,"column":12},"end":{"line":4,"column":35}},"4":{"start":{"line":6,"column":19},"end":{"line":47,"column":2}},"5":{"start":{"line":51,"column":0},"end":{"line":58,"column":3}},"6":{"start":{"line":52,"column":4},"end":{"line":54,"column":5}},"7":{"start":{"line":53,"column":8},"end":{"line":53,"column":15}},"8":{"start":{"line":56,"column":17},"end":{"line":56,"column":41}},"9":{"start":{"line":57,"column":4},"end":{"line":57,"column":59}},"10":{"start":{"line":61,"column":0},"end":{"line":65,"column":2}},"11":{"start":{"line":62,"column":4},"end":{"line":64,"column":7}},"12":{"start":{"line":68,"column":0},"end":{"line":70,"column":2}},"13":{"start":{"line":69,"column":4},"end":{"line":69,"column":64}},"14":{"start":{"line":73,"column":0},"end":{"line":85,"column":2}},"15":{"start":{"line":75,"column":23},"end":{"line":75,"column":61}},"16":{"start":{"line":78,"column":4},"end":{"line":78,"column":91}},"17":{"start":{"line":81,"column":4},"end":{"line":81,"column":59}},"18":{"start":{"line":84,"column":4},"end":{"line":84,"column":22}},"19":{"start":{"line":87,"column":0},"end":{"line":87,"column":53}}},"fnMap":{"0":{"name":"(anonymous_0)","decl":{"start":{"line":51,"column":23},"end":{"line":51,"column":24}},"loc":{"start":{"line":51,"column":45},"end":{"line":58,"column":1}},"line":51},"1":{"name":"(anonymous_1)","decl":{"start":{"line":61,"column":39},"end":{"line":61,"column":40}},"loc":{"start":{"line":61,"column":51},"end":{"line":65,"column":1}},"line":61},"2":{"name":"(anonymous_2)","decl":{"start":{"line":68,"column":35},"end":{"line":68,"column":36}},"loc":{"start":{"line":68,"column":68},"end":{"line":70,"column":1}},"line":68},"3":{"name":"(anonymous_3)","decl":{"start":{"line":73,"column":43},"end":{"line":73,"column":44}},"loc":{"start":{"line":73,"column":55},"end":{"line":85,"column":1}},"line":73}},"branchMap":{"0":{"loc":{"start":{"line":52,"column":4},"end":{"line":54,"column":5}},"type":"if","locations":[{"start":{"line":52,"column":4},"end":{"line":54,"column":5}},{"start":{},"end":{}}],"line":52}},"s":{"0":4,"1":4,"2":4,"3":4,"4":4,"5":4,"6":2,"7":0,"8":2,"9":2,"10":4,"11":1,"12":4,"13":1,"14":4,"15":1,"16":1,"17":1,"18":1,"19":4},"f":{"0":2,"1":1,"2":1,"3":1},"b":{"0":[0,2]},"_coverageSchema":"1a1c01bbd47fc00a2c39e90264f33305004495a9","hash":"978761a4412ddc1337b43360c67c44c0dc769edd"}
}
