TN:
SF:controllers/app.js
FN:8,(anonymous_0)
FN:57,(anonymous_1)
FNF:2
FNH:2
FNDA:2,(anonymous_0)
FNDA:5,(anonymous_1)
DA:1,1
DA:2,1
DA:3,1
DA:8,1
DA:9,2
DA:11,2
DA:14,2
DA:17,1
DA:23,1
DA:57,1
DA:58,5
DA:60,5
DA:63,3
DA:64,1
DA:68,2
DA:69,1
DA:73,1
DA:79,1
DA:85,1
LF:19
LH:19
BRDA:63,0,0,1
BRDA:63,0,1,2
BRDA:68,1,0,1
BRDA:68,1,1,1
BRF:4
BRH:4
end_of_record
TN:
SF:controllers/auth.js
FN:8,(anonymous_0)
FN:34,(anonymous_1)
FN:62,(anonymous_2)
FN:81,(anonymous_3)
FN:95,(anonymous_4)
FN:115,sendTokenResponseStatic
FNF:6
FNH:6
FNDA:2,(anonymous_0)
FNDA:13,(anonymous_1)
FNDA:3,(anonymous_2)
FNDA:4,(anonymous_3)
FNDA:2,(anonymous_4)
FNDA:1,sendTokenResponseStatic
DA:1,1
DA:2,1
DA:3,1
DA:8,1
DA:9,2
DA:10,2
DA:12,2
DA:13,2
DA:14,1
DA:18,1
DA:25,1
DA:27,0
DA:34,1
DA:35,13
DA:38,13
DA:39,3
DA:43,10
DA:45,0
DA:46,0
DA:50,0
DA:52,0
DA:53,0
DA:56,0
DA:62,1
DA:63,3
DA:64,3
DA:69,2
DA:74,1
DA:81,1
DA:82,4
DA:83,4
DA:85,2
DA:90,2
DA:95,1
DA:97,2
DA:100,2
DA:105,2
DA:106,1
DA:109,2
DA:117,1
DA:120,1
DA:125,1
DA:126,0
DA:129,1
LF:44
LH:36
BRDA:13,0,0,1
BRDA:13,0,1,1
BRDA:38,1,0,3
BRDA:38,1,1,10
BRDA:38,2,0,13
BRDA:38,2,1,12
BRDA:45,3,0,0
BRDA:45,3,1,0
BRDA:52,4,0,0
BRDA:52,4,1,0
BRDA:105,5,0,1
BRDA:105,5,1,1
BRDA:125,6,0,0
BRDA:125,6,1,1
BRF:14
BRH:9
end_of_record
TN:
SF:controllers/event.js
FN:7,(anonymous_0)
FN:29,(anonymous_1)
FN:51,(anonymous_2)
FN:70,(anonymous_3)
FNF:4
FNH:4
FNDA:1,(anonymous_0)
FNDA:1,(anonymous_1)
FNDA:1,(anonymous_2)
FNDA:1,(anonymous_3)
DA:1,1
DA:2,1
DA:7,1
DA:8,1
DA:10,1
DA:13,1
DA:16,1
DA:22,0
DA:29,1
DA:30,1
DA:32,1
DA:38,1
DA:44,0
DA:51,1
DA:52,1
DA:54,1
DA:57,1
DA:63,0
DA:70,1
DA:71,1
DA:73,1
DA:76,1
DA:79,1
DA:85,0
LF:24
LH:20
BRF:0
BRH:0
end_of_record
TN:
SF:controllers/reviews.js
FN:7,(anonymous_0)
FN:27,(anonymous_1)
FN:49,(anonymous_2)
FN:71,(anonymous_3)
FNF:4
FNH:2
FNDA:0,(anonymous_0)
FNDA:2,(anonymous_1)
FNDA:0,(anonymous_2)
FNDA:1,(anonymous_3)
DA:1,1
DA:2,1
DA:7,1
DA:8,0
DA:9,0
DA:11,0
DA:14,0
DA:20,0
DA:27,1
DA:28,2
DA:30,2
DA:33,2
DA:36,1
DA:42,1
DA:49,1
DA:50,0
DA:52,0
DA:58,0
DA:64,0
DA:71,1
DA:72,1
DA:74,1
DA:77,0
DA:83,1
LF:24
LH:14
BRF:0
BRH:0
end_of_record
TN:
SF:controllers/users.js
FN:7,(anonymous_0)
FN:18,(anonymous_1)
FN:34,(anonymous_2)
FN:50,(anonymous_3)
FN:69,(anonymous_4)
FNF:5
FNH:5
FNDA:1,(anonymous_0)
FNDA:1,(anonymous_1)
FNDA:1,(anonymous_2)
FNDA:1,(anonymous_3)
FNDA:1,(anonymous_4)
DA:1,1
DA:2,1
DA:7,1
DA:8,1
DA:9,1
DA:11,0
DA:18,1
DA:19,1
DA:20,1
DA:22,1
DA:27,0
DA:34,1
DA:35,1
DA:36,1
DA:38,1
DA:43,0
DA:50,1
DA:51,1
DA:52,1
DA:57,1
DA:62,0
DA:69,1
DA:70,1
DA:71,1
DA:73,1
DA:78,0
LF:26
LH:21
BRF:0
BRH:0
end_of_record
TN:
SF:helpers/errResponse.js
FN:9,(anonymous_0)
FNF:1
FNH:1
FNDA:10,(anonymous_0)
DA:10,10
DA:11,10
DA:15,6
LF:3
LH:3
BRF:0
BRH:0
end_of_record
TN:
SF:middlewares/advancedResults.js
FN:2,(anonymous_0)
FN:2,(anonymous_1)
FN:12,(anonymous_2)
FN:18,(anonymous_3)
FNF:4
FNH:4
FNDA:4,(anonymous_0)
FNDA:4,(anonymous_1)
FNDA:16,(anonymous_2)
FNDA:3,(anonymous_3)
DA:2,4
DA:6,4
DA:9,4
DA:12,16
DA:15,4
DA:18,4
DA:21,4
DA:24,4
DA:25,1
DA:26,1
DA:30,4
DA:31,1
DA:32,1
DA:34,3
DA:38,4
DA:39,1
DA:43,4
DA:45,4
DA:51,4
DA:54,1
LF:20
LH:20
BRDA:24,0,0,1
BRDA:24,0,1,3
BRDA:30,1,0,1
BRDA:30,1,1,3
BRDA:38,2,0,1
BRDA:38,2,1,3
BRF:6
BRH:6
end_of_record
TN:
SF:middlewares/appChecker.js
FN:10,(anonymous_0)
FN:11,(anonymous_1)
FNF:2
FNH:2
FNDA:3,(anonymous_0)
FNDA:3,(anonymous_1)
DA:1,1
DA:2,1
DA:3,1
DA:10,1
DA:11,3
DA:12,3
DA:13,3
DA:16,3
DA:17,1
DA:21,2
DA:23,1
DA:26,1
LF:12
LH:12
BRDA:16,0,0,1
BRDA:16,0,1,2
BRDA:21,1,0,1
BRDA:21,1,1,1
BRF:4
BRH:4
end_of_record
TN:
SF:middlewares/async.js
FN:2,(anonymous_0)
FN:2,(anonymous_1)
FNF:2
FNH:2
FNDA:28,(anonymous_0)
FNDA:53,(anonymous_1)
DA:2,28
DA:5,53
DA:9,9
LF:3
LH:3
BRF:0
BRH:0
end_of_record
TN:
SF:middlewares/auth.js
FN:7,(anonymous_0)
FN:34,(anonymous_1)
FN:35,(anonymous_2)
FNF:3
FNH:3
FNDA:4,(anonymous_0)
FNDA:2,(anonymous_1)
FNDA:2,(anonymous_2)
DA:1,1
DA:2,1
DA:3,1
DA:4,1
DA:7,1
DA:10,4
DA:11,2
DA:12,2
DA:13,1
DA:17,4
DA:18,1
DA:21,3
DA:23,3
DA:24,2
DA:26,2
DA:27,2
DA:29,1
DA:34,1
DA:35,2
DA:36,2
DA:37,1
DA:39,1
LF:22
LH:22
BRDA:10,0,0,2
BRDA:10,0,1,2
BRDA:10,1,0,4
BRDA:10,1,1,2
BRDA:12,2,0,1
BRDA:12,2,1,1
BRDA:17,3,0,1
BRDA:17,3,1,3
BRDA:36,4,0,1
BRDA:36,4,1,1
BRF:10
BRH:10
end_of_record
TN:
SF:middlewares/eventChecker.js
FN:10,(anonymous_0)
FN:11,(anonymous_1)
FNF:2
FNH:2
FNDA:3,(anonymous_0)
FNDA:3,(anonymous_1)
DA:1,1
DA:2,1
DA:3,1
DA:10,1
DA:11,3
DA:12,3
DA:13,3
DA:16,3
DA:17,1
DA:21,2
DA:23,1
DA:26,1
LF:12
LH:12
BRDA:16,0,0,1
BRDA:16,0,1,2
BRDA:21,1,0,1
BRDA:21,1,1,1
BRF:4
BRH:4
end_of_record
TN:
SF:models/Apps.js
FNF:0
FNH:0
DA:1,7
DA:3,7
DA:46,7
LF:3
LH:3
BRF:0
BRH:0
end_of_record
TN:
SF:models/Events.js
FNF:0
FNH:0
DA:1,3
DA:3,3
DA:49,3
LF:3
LH:3
BRF:0
BRH:0
end_of_record
TN:
SF:models/Reviews.js
FNF:0
FNH:0
DA:1,1
DA:3,1
DA:25,1
LF:3
LH:3
BRF:0
BRH:0
end_of_record
TN:
SF:models/Users.js
FN:51,(anonymous_0)
FN:61,(anonymous_1)
FN:68,(anonymous_2)
FN:73,(anonymous_3)
FNF:4
FNH:4
FNDA:2,(anonymous_0)
FNDA:1,(anonymous_1)
FNDA:1,(anonymous_2)
FNDA:1,(anonymous_3)
DA:1,4
DA:2,4
DA:3,4
DA:4,4
DA:6,4
DA:51,4
DA:52,2
DA:53,0
DA:56,2
DA:57,2
DA:61,4
DA:62,1
DA:68,4
DA:69,1
DA:73,4
DA:75,1
DA:78,1
DA:81,1
DA:84,1
DA:87,4
LF:20
LH:19
BRDA:52,0,0,0
BRDA:52,0,1,2
BRF:2
BRH:1
end_of_record
